<?xml version="1.0" encoding="UTF-8"?>
<!-- Generated by org.testng.reporters.JUnitXMLReporter -->
<testsuite ignored="2" hostname="GB-notebook-i7" failures="0" tests="16" name="Nopackage" time="0.055" errors="0" timestamp="2026-06-11T22:14:46 IDT">
  <testcase classname="tests.TestBase" name="@BeforeSuite setApp" time="0.38">
    <failure type="org.openqa.selenium.remote.NoSuchDriverException" message="Unable to obtain: msedgedriver, error Command failed with code: 65, executed: [--browser, MicrosoftEdge, --language-binding, java, --output, json]
error sending request for url (https://msedgedriver.azureedge.net/LATEST_RELEASE_149_WINDOWS)
Build info: version: &amp;apos;4.20.0&amp;apos;, revision: &amp;apos;866c76ca80&amp;apos;
System info: os.name: &amp;apos;Windows 11&amp;apos;, os.arch: &amp;apos;amd64&amp;apos;, os.version: &amp;apos;10.0&amp;apos;, java.version: &amp;apos;21.0.10&amp;apos;
Driver info: driver.version: EdgeDriver">
      <![CDATA[org.openqa.selenium.remote.NoSuchDriverException: Unable to obtain: msedgedriver, error Command failed with code: 65, executed: [--browser, MicrosoftEdge, --language-binding, java, --output, json]
error sending request for url (https://msedgedriver.azureedge.net/LATEST_RELEASE_149_WINDOWS)
Build info: version: '4.20.0', revision: '866c76ca80'
System info: os.name: 'Windows 11', os.arch: 'amd64', os.version: '10.0', java.version: '21.0.10'
Driver info: driver.version: EdgeDriver
at org.openqa.selenium.remote.service.DriverFinder.getBinaryPaths(DriverFinder.java:121)
at org.openqa.selenium.remote.service.DriverFinder.getDriverPath(DriverFinder.java:55)
at org.openqa.selenium.edge.EdgeDriver.generateExecutor(EdgeDriver.java:71)
at org.openqa.selenium.edge.EdgeDriver.<init>(EdgeDriver.java:60)
at org.openqa.selenium.edge.EdgeDriver.<init>(EdgeDriver.java:56)
at org.openqa.selenium.edge.EdgeDriver.<init>(EdgeDriver.java:48)
at org.openqa.selenium.edge.EdgeDriver.<init>(EdgeDriver.java:44)
at manager.ApplicationManager.init(ApplicationManager.java:50)
at tests.TestBase.setApp(TestBase.java:23)
Caused by: org.openqa.selenium.WebDriverException: Command failed with code: 65, executed: [--browser, MicrosoftEdge, --language-binding, java, --output, json]
error sending request for url (https://msedgedriver.azureedge.net/LATEST_RELEASE_149_WINDOWS)
Build info: version: '4.20.0', revision: '866c76ca80'
System info: os.name: 'Windows 11', os.arch: 'amd64', os.version: '10.0', java.version: '21.0.10'
Driver info: driver.version: EdgeDriver
at org.openqa.selenium.manager.SeleniumManager.runCommand(SeleniumManager.java:153)
at org.openqa.selenium.manager.SeleniumManager.getBinaryPaths(SeleniumManager.java:228)
at org.openqa.selenium.remote.service.DriverFinder.getBinaryPaths(DriverFinder.java:102)
... 29 more
... Removed 21 stack frames]]>
    </failure>
  </testcase> <!-- @BeforeSuite setApp -->
  <testcase classname="tests.LoginTests" name="@BeforeMethod preCondition" time="0.001">
    <failure type="java.lang.NullPointerException" message="Cannot invoke &amp;quot;manager.HelperUser.isLogged()&amp;quot; because the return value of &amp;quot;manager.ApplicationManager.getHelperUser()&amp;quot; is null">
      <![CDATA[java.lang.NullPointerException: Cannot invoke "manager.HelperUser.isLogged()" because the return value of "manager.ApplicationManager.getHelperUser()" is null
at tests.LoginTests.preCondition(LoginTests.java:20)
at java.base/java.util.ArrayList.forEach(ArrayList.java:1596)
... Removed 33 stack frames]]>
    </failure>
  </testcase> <!-- @BeforeMethod preCondition -->
  <testcase classname="tests.LoginTests" name="@BeforeMethod preCondition" time="0.001">
    <failure type="java.lang.NullPointerException" message="Cannot invoke &amp;quot;manager.HelperUser.isLogged()&amp;quot; because the return value of &amp;quot;manager.ApplicationManager.getHelperUser()&amp;quot; is null">
      <![CDATA[java.lang.NullPointerException: Cannot invoke "manager.HelperUser.isLogged()" because the return value of "manager.ApplicationManager.getHelperUser()" is null
at tests.LoginTests.preCondition(LoginTests.java:20)
at java.base/java.util.ArrayList.forEach(ArrayList.java:1596)
... Removed 33 stack frames]]>
    </failure>
  </testcase> <!-- @BeforeMethod preCondition -->
  <testcase classname="tests.LoginTests" name="@BeforeMethod preCondition" time="0.0">
    <failure type="java.lang.NullPointerException" message="Cannot invoke &amp;quot;manager.HelperUser.isLogged()&amp;quot; because the return value of &amp;quot;manager.ApplicationManager.getHelperUser()&amp;quot; is null">
      <![CDATA[java.lang.NullPointerException: Cannot invoke "manager.HelperUser.isLogged()" because the return value of "manager.ApplicationManager.getHelperUser()" is null
at tests.LoginTests.preCondition(LoginTests.java:20)
at java.base/java.util.ArrayList.forEach(ArrayList.java:1596)
... Removed 33 stack frames]]>
    </failure>
  </testcase> <!-- @BeforeMethod preCondition -->
  <testcase classname="tests.LoginTests" name="@BeforeMethod preCondition" time="0.0">
    <failure type="java.lang.NullPointerException" message="Cannot invoke &amp;quot;manager.HelperUser.isLogged()&amp;quot; because the return value of &amp;quot;manager.ApplicationManager.getHelperUser()&amp;quot; is null">
      <![CDATA[java.lang.NullPointerException: Cannot invoke "manager.HelperUser.isLogged()" because the return value of "manager.ApplicationManager.getHelperUser()" is null
at tests.LoginTests.preCondition(LoginTests.java:20)
at java.base/java.util.ArrayList.forEach(ArrayList.java:1596)
... Removed 33 stack frames]]>
    </failure>
  </testcase> <!-- @BeforeMethod preCondition -->
  <testcase classname="tests.LoginTests" name="@BeforeMethod preCondition" time="0.0">
    <failure type="java.lang.NullPointerException" message="Cannot invoke &amp;quot;manager.HelperUser.isLogged()&amp;quot; because the return value of &amp;quot;manager.ApplicationManager.getHelperUser()&amp;quot; is null">
      <![CDATA[java.lang.NullPointerException: Cannot invoke "manager.HelperUser.isLogged()" because the return value of "manager.ApplicationManager.getHelperUser()" is null
at tests.LoginTests.preCondition(LoginTests.java:20)
at java.base/java.util.ArrayList.forEach(ArrayList.java:1596)
... Removed 33 stack frames]]>
    </failure>
  </testcase> <!-- @BeforeMethod preCondition -->
  <testcase classname="tests.LoginTests" name="@BeforeMethod preCondition" time="0.001">
    <failure type="java.lang.NullPointerException" message="Cannot invoke &amp;quot;manager.HelperUser.isLogged()&amp;quot; because the return value of &amp;quot;manager.ApplicationManager.getHelperUser()&amp;quot; is null">
      <![CDATA[java.lang.NullPointerException: Cannot invoke "manager.HelperUser.isLogged()" because the return value of "manager.ApplicationManager.getHelperUser()" is null
at tests.LoginTests.preCondition(LoginTests.java:20)
at java.base/java.util.ArrayList.forEach(ArrayList.java:1596)
... Removed 33 stack frames]]>
    </failure>
  </testcase> <!-- @BeforeMethod preCondition -->
  <testcase classname="tests.LoginTests" name="@BeforeMethod preCondition" time="0.0">
    <failure type="java.lang.NullPointerException" message="Cannot invoke &amp;quot;manager.HelperUser.isLogged()&amp;quot; because the return value of &amp;quot;manager.ApplicationManager.getHelperUser()&amp;quot; is null">
      <![CDATA[java.lang.NullPointerException: Cannot invoke "manager.HelperUser.isLogged()" because the return value of "manager.ApplicationManager.getHelperUser()" is null
at tests.LoginTests.preCondition(LoginTests.java:20)
at java.base/java.util.ArrayList.forEach(ArrayList.java:1596)
... Removed 33 stack frames]]>
    </failure>
  </testcase> <!-- @BeforeMethod preCondition -->
  <testcase classname="tests.LoginTests" name="@BeforeMethod preCondition" time="0.0">
    <failure type="java.lang.NullPointerException" message="Cannot invoke &amp;quot;manager.HelperUser.isLogged()&amp;quot; because the return value of &amp;quot;manager.ApplicationManager.getHelperUser()&amp;quot; is null">
      <![CDATA[java.lang.NullPointerException: Cannot invoke "manager.HelperUser.isLogged()" because the return value of "manager.ApplicationManager.getHelperUser()" is null
at tests.LoginTests.preCondition(LoginTests.java:20)
at java.base/java.util.ArrayList.forEach(ArrayList.java:1596)
... Removed 33 stack frames]]>
    </failure>
  </testcase> <!-- @BeforeMethod preCondition -->
  <testcase classname="tests.LoginTests" name="@BeforeMethod preCondition" time="0.0">
    <failure type="java.lang.NullPointerException" message="Cannot invoke &amp;quot;manager.HelperUser.isLogged()&amp;quot; because the return value of &amp;quot;manager.ApplicationManager.getHelperUser()&amp;quot; is null">
      <![CDATA[java.lang.NullPointerException: Cannot invoke "manager.HelperUser.isLogged()" because the return value of "manager.ApplicationManager.getHelperUser()" is null
at tests.LoginTests.preCondition(LoginTests.java:20)
at java.base/java.util.ArrayList.forEach(ArrayList.java:1596)
... Removed 33 stack frames]]>
    </failure>
  </testcase> <!-- @BeforeMethod preCondition -->
  <testcase classname="tests.LoginTests" name="@BeforeMethod preCondition" time="0.0">
    <failure type="java.lang.NullPointerException" message="Cannot invoke &amp;quot;manager.HelperUser.isLogged()&amp;quot; because the return value of &amp;quot;manager.ApplicationManager.getHelperUser()&amp;quot; is null">
      <![CDATA[java.lang.NullPointerException: Cannot invoke "manager.HelperUser.isLogged()" because the return value of "manager.ApplicationManager.getHelperUser()" is null
at tests.LoginTests.preCondition(LoginTests.java:20)
at java.base/java.util.ArrayList.forEach(ArrayList.java:1596)
... Removed 33 stack frames]]>
    </failure>
  </testcase> <!-- @BeforeMethod preCondition -->
  <testcase classname="tests.LoginTests" name="@BeforeMethod preCondition" time="0.0">
    <failure type="java.lang.NullPointerException" message="Cannot invoke &amp;quot;manager.HelperUser.isLogged()&amp;quot; because the return value of &amp;quot;manager.ApplicationManager.getHelperUser()&amp;quot; is null">
      <![CDATA[java.lang.NullPointerException: Cannot invoke "manager.HelperUser.isLogged()" because the return value of "manager.ApplicationManager.getHelperUser()" is null
at tests.LoginTests.preCondition(LoginTests.java:20)
at java.base/java.util.ArrayList.forEach(ArrayList.java:1596)
... Removed 33 stack frames]]>
    </failure>
  </testcase> <!-- @BeforeMethod preCondition -->
  <testcase classname="tests.LoginTests" name="@BeforeMethod preCondition" time="0.0">
    <failure type="java.lang.NullPointerException" message="Cannot invoke &amp;quot;manager.HelperUser.isLogged()&amp;quot; because the return value of &amp;quot;manager.ApplicationManager.getHelperUser()&amp;quot; is null">
      <![CDATA[java.lang.NullPointerException: Cannot invoke "manager.HelperUser.isLogged()" because the return value of "manager.ApplicationManager.getHelperUser()" is null
at tests.LoginTests.preCondition(LoginTests.java:20)
at java.base/java.util.ArrayList.forEach(ArrayList.java:1596)
... Removed 33 stack frames]]>
    </failure>
  </testcase> <!-- @BeforeMethod preCondition -->
  <testcase classname="tests.RegistrationTests" name="@BeforeMethod preCondition" time="0.0">
    <failure type="java.lang.NullPointerException" message="Cannot invoke &amp;quot;manager.HelperUser.isLogged()&amp;quot; because the return value of &amp;quot;manager.ApplicationManager.getHelperUser()&amp;quot; is null">
      <![CDATA[java.lang.NullPointerException: Cannot invoke "manager.HelperUser.isLogged()" because the return value of "manager.ApplicationManager.getHelperUser()" is null
at tests.RegistrationTests.preCondition(RegistrationTests.java:19)
at java.base/java.util.ArrayList.forEach(ArrayList.java:1596)
... Removed 33 stack frames]]>
    </failure>
  </testcase> <!-- @BeforeMethod preCondition -->
  <testcase classname="tests.RegistrationTests" name="@BeforeMethod preCondition" time="0.001">
    <failure type="java.lang.NullPointerException" message="Cannot invoke &amp;quot;manager.HelperUser.isLogged()&amp;quot; because the return value of &amp;quot;manager.ApplicationManager.getHelperUser()&amp;quot; is null">
      <![CDATA[java.lang.NullPointerException: Cannot invoke "manager.HelperUser.isLogged()" because the return value of "manager.ApplicationManager.getHelperUser()" is null
at tests.RegistrationTests.preCondition(RegistrationTests.java:19)
at java.base/java.util.ArrayList.forEach(ArrayList.java:1596)
... Removed 33 stack frames]]>
    </failure>
  </testcase> <!-- @BeforeMethod preCondition -->
  <testcase classname="tests.RegistrationTests" name="@BeforeMethod preCondition" time="0.0">
    <failure type="java.lang.NullPointerException" message="Cannot invoke &amp;quot;manager.HelperUser.isLogged()&amp;quot; because the return value of &amp;quot;manager.ApplicationManager.getHelperUser()&amp;quot; is null">
      <![CDATA[java.lang.NullPointerException: Cannot invoke "manager.HelperUser.isLogged()" because the return value of "manager.ApplicationManager.getHelperUser()" is null
at tests.RegistrationTests.preCondition(RegistrationTests.java:19)
at java.base/java.util.ArrayList.forEach(ArrayList.java:1596)
... Removed 33 stack frames]]>
    </failure>
  </testcase> <!-- @BeforeMethod preCondition -->
  <testcase classname="tests.RegistrationTests" name="@BeforeMethod preCondition" time="0.0">
    <failure type="java.lang.NullPointerException" message="Cannot invoke &amp;quot;manager.HelperUser.isLogged()&amp;quot; because the return value of &amp;quot;manager.ApplicationManager.getHelperUser()&amp;quot; is null">
      <![CDATA[java.lang.NullPointerException: Cannot invoke "manager.HelperUser.isLogged()" because the return value of "manager.ApplicationManager.getHelperUser()" is null
at tests.RegistrationTests.preCondition(RegistrationTests.java:19)
at java.base/java.util.ArrayList.forEach(ArrayList.java:1596)
... Removed 33 stack frames]]>
    </failure>
  </testcase> <!-- @BeforeMethod preCondition -->
  <testcase classname="tests.LoginTests" name="loginSuccess" time="0.0">
    <skipped/>
  </testcase> <!-- loginSuccess -->
  <testcase classname="tests.LoginTests" name="loginSuccess" time="0.0">
    <skipped/>
  </testcase> <!-- loginSuccess -->
  <testcase classname="tests.LoginTests" name="loginSuccess" time="0.0">
    <skipped/>
  </testcase> <!-- loginSuccess -->
  <testcase classname="tests.LoginTests" name="loginSuccess1" time="0.0">
    <skipped/>
  </testcase> <!-- loginSuccess1 -->
  <testcase classname="tests.LoginTests" name="loginSuccessModel" time="0.0">
    <skipped/>
  </testcase> <!-- loginSuccessModel -->
  <testcase classname="tests.LoginTests" name="loginSuccessModel" time="0.0">
    <skipped/>
  </testcase> <!-- loginSuccessModel -->
  <testcase classname="tests.LoginTests" name="loginSuccessModelDPF" time="0.0">
    <skipped/>
  </testcase> <!-- loginSuccessModelDPF -->
  <testcase classname="tests.LoginTests" name="loginSuccessModelDPF" time="0.0">
    <skipped/>
  </testcase> <!-- loginSuccessModelDPF -->
  <testcase classname="tests.LoginTests" name="loginSuccessModelDPF" time="0.0">
    <skipped/>
  </testcase> <!-- loginSuccessModelDPF -->
  <testcase classname="tests.LoginTests" name="loginUnregisteredUser" time="0.0">
    <skipped/>
  </testcase> <!-- loginUnregisteredUser -->
  <testcase classname="tests.LoginTests" name="loginWrongEmail" time="0.0">
    <skipped/>
  </testcase> <!-- loginWrongEmail -->
  <testcase classname="tests.LoginTests" name="loginWrongPassword" time="0.0">
    <skipped/>
  </testcase> <!-- loginWrongPassword -->
  <testcase classname="tests.RegistrationTests" name="registrationExistsUser" time="0.0">
    <skipped/>
  </testcase> <!-- registrationExistsUser -->
  <testcase classname="tests.RegistrationTests" name="registrationSuccess" time="0.0">
    <skipped/>
  </testcase> <!-- registrationSuccess -->
  <testcase classname="tests.RegistrationTests" name="wrongEmailRegistration" time="0.0">
    <skipped/>
  </testcase> <!-- wrongEmailRegistration -->
  <testcase classname="tests.RegistrationTests" name="wrongPasswordRegistration" time="0.0">
    <skipped/>
  </testcase> <!-- wrongPasswordRegistration -->
  <testcase classname="tests.TestBase" name="@BeforeSuite setApp" time="0.0">
    <ignored/>
  </testcase> <!-- @BeforeSuite setApp -->
  <testcase classname="tests.TestBase" name="@AfterSuite tearDown" time="0.0">
    <ignored/>
  </testcase> <!-- @AfterSuite tearDown -->
</testsuite> <!-- Nopackage -->
